<?xml version="1.0" encoding="UTF-8"?>
<!-- Generated by org.testng.reporters.JUnitReportReporter -->
<testsuite hostname="LTIN199965" failures="0" tests="1" name="testCases.TC_003_CorporateWellness_InvalidDetails" time="10.338" errors="0" timestamp="2024-02-16T14:32:06 IST" skipped="0">
  <testcase classname="testCases.TC_003_CorporateWellness_InvalidDetails" name="checkingInvalidDetails" time="10.338"/>
</testsuite> <!-- testCases.TC_003_CorporateWellness_InvalidDetails -->
