<?xml version="1.0" encoding="UTF-8"?>
<!-- Generated by org.testng.reporters.JUnitReportReporter -->
<testsuite hostname="LTIN199965" failures="0" tests="2" name="testCases.TC_001_SearchingDentists" time="41.095" errors="0" timestamp="2024-02-16T14:32:06 IST" skipped="0">
  <testcase classname="testCases.TC_001_SearchingDentists" name="gettingDentists" time="33.993"/>
  <testcase classname="testCases.TC_001_SearchingDentists" name="searchingDentists" time="7.102"/>
</testsuite> <!-- testCases.TC_001_SearchingDentists -->
