<?xml version="1.0" encoding="UTF-8"?>
<!-- Generated by org.testng.reporters.JUnitReportReporter -->
<testsuite hostname="LTIN520230" failures="0" tests="7" name="testCases.TC_002_Surgeries" time="12.401" errors="0" timestamp="2024-04-26T16:10:31 IST" skipped="0">
  <testcase classname="testCases.TC_002_Surgeries" name="topSurgeries" time="4.324"/>
  <testcase classname="testCases.TC_002_Surgeries" name="generalSurgeries" time="1.707"/>
  <testcase classname="testCases.TC_002_Surgeries" name="orthopedicSurgeries" time="1.390"/>
  <testcase classname="testCases.TC_002_Surgeries" name="practologySurgeries" time="1.091"/>
  <testcase classname="testCases.TC_002_Surgeries" name="ophtomologySurgeries" time="1.122"/>
  <testcase classname="testCases.TC_002_Surgeries" name="urologySurgeries" time="1.535"/>
  <testcase classname="testCases.TC_002_Surgeries" name="cosmeticSurgeries" time="1.232"/>
</testsuite> <!-- testCases.TC_002_Surgeries -->
