<?xml version="1.0" encoding="UTF-8"?>
<!-- Generated by org.testng.reporters.JUnitReportReporter -->
<testsuite hostname="LTIN230941" failures="0" tests="1" name="testCases.TC_003_FillingWellnessPlanForm" time="32.470" errors="0" timestamp="2024-02-01T18:40:58 IST" skipped="0">
  <testcase classname="testCases.TC_003_FillingWellnessPlanForm" name="fillingFormDetails" time="32.470"/>
</testsuite> <!-- testCases.TC_003_FillingWellnessPlanForm -->
