<?xml version="1.0" encoding="UTF-8"?>
<!-- Generated by org.testng.reporters.JUnitReportReporter -->
<testsuite hostname="LTIN199965" failures="0" tests="7" name="testCases.TC_002_Surgeries" time="10.944" errors="0" timestamp="2024-02-16T14:32:06 IST" skipped="0">
  <testcase classname="testCases.TC_002_Surgeries" name="topSurgeries" time="5.679"/>
  <testcase classname="testCases.TC_002_Surgeries" name="generalSurgeries" time="1.052"/>
  <testcase classname="testCases.TC_002_Surgeries" name="orthopedicSurgeries" time="0.726"/>
  <testcase classname="testCases.TC_002_Surgeries" name="practologySurgeries" time="0.856"/>
  <testcase classname="testCases.TC_002_Surgeries" name="ophtomologySurgeries" time="0.579"/>
  <testcase classname="testCases.TC_002_Surgeries" name="urologySurgeries" time="1.184"/>
  <testcase classname="testCases.TC_002_Surgeries" name="cosmeticSurgeries" time="0.868"/>
</testsuite> <!-- testCases.TC_002_Surgeries -->
