<?xml version="1.0" encoding="UTF-8"?>
<!-- Generated by org.testng.reporters.JUnitReportReporter -->
<testsuite hostname="LTIN520230" failures="0" tests="1" name="testCases.TC_003_CorporateWellness_InvalidDetails" time="6.602" errors="0" timestamp="2024-04-26T16:10:31 IST" skipped="0">
  <testcase classname="testCases.TC_003_CorporateWellness_InvalidDetails" name="checkingInvalidDetails1" time="6.602"/>
</testsuite> <!-- testCases.TC_003_CorporateWellness_InvalidDetails -->
