<?xml version="1.0" encoding="UTF-8"?>
<!-- Generated by org.testng.reporters.JUnitReportReporter -->
<testsuite hostname="LTIN230941" failures="0" tests="1" name="testCases.TC_003_CorporateWellness" time="11.166" errors="0" timestamp="2024-02-01T19:47:09 IST" skipped="0">
  <testcase classname="testCases.TC_003_CorporateWellness" name="checkingInvalidDetails" time="11.166"/>
</testsuite> <!-- testCases.TC_003_CorporateWellness -->
